<?xml version="1.0" encoding="UTF-8"?>
<!-- Generated by org.testng.reporters.JUnitXMLReporter -->
<testsuite ignored="2" hostname="DESKTOP-ARAGHDD" failures="0" tests="1" name="Test" time="0.097" errors="0" timestamp="2022-05-23T13:19:33 IST">
  <testcase classname="TESTNG_TEST.TestNG_003" name="m2" time="0.017"/>
  <testcase classname="TESTNG_TEST.TestNG_003" name="m3" time="0.0">
    <ignored/>
  </testcase> <!-- m3 -->
  <testcase classname="TESTNG_TEST.TestNG_003" name="m1" time="0.0">
    <ignored/>
  </testcase> <!-- m1 -->
</testsuite> <!-- Test -->
